<?xml version="1.0" encoding="UTF-8"?>
<!-- Generated by org.testng.reporters.JUnitXMLReporter -->
<testsuite ignored="0" hostname="LT22108651" failures="0" tests="4" name="Default test" time="10.045" errors="0" timestamp="2024-06-13T23:35:04 IDT">
  <testcase classname="tests.LoginTestFailed" name="tc01_Login_Failed" time="1.052"/>
  <testcase classname="tests.LoginTestFailed" name="tc02_Login_Failed" time="0.433"/>
  <testcase classname="tests.LoginTestFailed" name="tc02_Login_Failed" time="0.365"/>
  <testcase classname="tests.LoginTestFailed" name="tc02_Login_Failed" time="0.328"/>
</testsuite> <!-- Default test -->
